# JRE version: OpenJDK Runtime Environment Temurin-17.0.14+7 (17.0.14+7) (build 17.0.14+7)
# Java VM: OpenJDK 64-Bit Server VM Temurin-17.0.14+7 (17.0.14+7, mixed mode, sharing, tiered, compressed oops, compressed class ptrs, g1 gc, windows-amd64)
GC Precious Log:
 CPUs: 8 total, 8 available
 Memory: 6091M
 Large Page Support: Disabled
 NUMA Support: Disabled
 Compressed Oops: Enabled (32-bit)
 Heap Region Size: 1M
 Heap Min Capacity: 8M
 Heap Initial Capacity: 96M
 Heap Max Capacity: 2G
 Pre-touch: Disabled
 Parallel Workers: 8
 Concurrent Workers: 2
 Concurrent Refinement Workers: 8
 Periodic GC: Disabled
Heap:
 garbage-first heap   total 155648K, used 100912K [0x0000000080000000, 0x0000000100000000)
  region size 1024K, 25 young (25600K), 4 survivors (4096K)
 Metaspace       used 78268K, committed 79296K, reserved 557056K
  class space    used 11045K, committed 11584K, reserved 425984K
GC Heap History (20 events):
Event: 50.334 GC heap before
{Heap before GC invocations=27 (full 0):
 garbage-first heap   total 103424K, used 86614K [0x0000000080000000, 0x0000000100000000)
  region size 1024K, 28 young (28672K), 1 survivors (1024K)
 Metaspace       used 69197K, committed 70016K, reserved 491520K
  class space    used 9804K, committed 10176K, reserved 425984K
}
Event: 50.342 GC heap after
{Heap after GC invocations=28 (full 0):
 garbage-first heap   total 103424K, used 60279K [0x0000000080000000, 0x0000000100000000)
  region size 1024K, 2 young (2048K), 2 survivors (2048K)
 Metaspace       used 69197K, committed 70016K, reserved 491520K
  class space    used 9804K, committed 10176K, reserved 425984K
}
Event: 50.557 GC heap before
{Heap before GC invocations=28 (full 0):
 garbage-first heap   total 103424K, used 63351K [0x0000000080000000, 0x0000000100000000)
  region size 1024K, 5 young (5120K), 2 survivors (2048K)
 Metaspace       used 69384K, committed 70272K, reserved 491520K
  class space    used 9830K, committed 10240K, reserved 425984K
}
Event: 50.566 GC heap after
{Heap after GC invocations=29 (full 0):
 garbage-first heap   total 103424K, used 59954K [0x0000000080000000, 0x0000000100000000)
  region size 1024K, 1 young (1024K), 1 survivors (1024K)
 Metaspace       used 69384K, committed 70272K, reserved 491520K
  class space    used 9830K, committed 10240K, reserved 425984K
}
Event: 52.643 GC heap before
{Heap before GC invocations=29 (full 0):
 garbage-first heap   total 103424K, used 84530K [0x0000000080000000, 0x0000000100000000)
  region size 1024K, 26 young (26624K), 1 survivors (1024K)
 Metaspace       used 70643K, committed 71424K, reserved 491520K
  class space    used 9991K, committed 10368K, reserved 425984K
}
Event: 52.656 GC heap after
{Heap after GC invocations=30 (full 0):
 garbage-first heap   total 103424K, used 63758K [0x0000000080000000, 0x0000000100000000)
  region size 1024K, 4 young (4096K), 4 survivors (4096K)
 Metaspace       used 70643K, committed 71424K, reserved 491520K
  class space    used 9991K, committed 10368K, reserved 425984K
}
Event: 56.262 GC heap before
{Heap before GC invocations=31 (full 0):
 garbage-first heap   total 111616K, used 84238K [0x0000000080000000, 0x0000000100000000)
  region size 1024K, 25 young (25600K), 4 survivors (4096K)
 Metaspace       used 71930K, committed 72832K, reserved 491520K
  class space    used 10148K, committed 10560K, reserved 425984K
}
Event: 56.272 GC heap after
{Heap after GC invocations=32 (full 0):
 garbage-first heap   total 111616K, used 65541K [0x0000000080000000, 0x0000000100000000)
  region size 1024K, 3 young (3072K), 3 survivors (3072K)
 Metaspace       used 71930K, committed 72832K, reserved 491520K
  class space    used 10148K, committed 10560K, reserved 425984K
}
Event: 56.576 GC heap before
{Heap before GC invocations=32 (full 0):
 garbage-first heap   total 111616K, used 67589K [0x0000000080000000, 0x0000000100000000)
  region size 1024K, 5 young (5120K), 3 survivors (3072K)
 Metaspace       used 71979K, committed 72832K, reserved 491520K
  class space    used 10148K, committed 10560K, reserved 425984K
}
Event: 56.583 GC heap after
{Heap after GC invocations=33 (full 0):
 garbage-first heap   total 111616K, used 65761K [0x0000000080000000, 0x0000000100000000)
  region size 1024K, 1 young (1024K), 1 survivors (1024K)
 Metaspace       used 71979K, committed 72832K, reserved 491520K
  class space    used 10148K, committed 10560K, reserved 425984K
}
Event: 59.934 GC heap before
{Heap before GC invocations=33 (full 0):
 garbage-first heap   total 111616K, used 91361K [0x0000000080000000, 0x0000000100000000)
  region size 1024K, 26 young (26624K), 1 survivors (1024K)
 Metaspace       used 73110K, committed 74048K, reserved 491520K
  class space    used 10308K, committed 10752K, reserved 425984K
}
Event: 59.945 GC heap after
{Heap after GC invocations=34 (full 0):
 garbage-first heap   total 155648K, used 68520K [0x0000000080000000, 0x0000000100000000)
  region size 1024K, 4 young (4096K), 4 survivors (4096K)
 Metaspace       used 73110K, committed 74048K, reserved 491520K
  class space    used 10308K, committed 10752K, reserved 425984K
}
Event: 68.560 GC heap before
{Heap before GC invocations=34 (full 0):
 garbage-first heap   total 155648K, used 122792K [0x0000000080000000, 0x0000000100000000)
  region size 1024K, 58 young (59392K), 4 survivors (4096K)
 Metaspace       used 76335K, committed 77248K, reserved 557056K
  class space    used 10865K, committed 11328K, reserved 425984K
}
Event: 68.575 GC heap after
{Heap after GC invocations=35 (full 0):
 garbage-first heap   total 155648K, used 72382K [0x0000000080000000, 0x0000000100000000)
  region size 1024K, 8 young (8192K), 8 survivors (8192K)
 Metaspace       used 76335K, committed 77248K, reserved 557056K
  class space    used 10865K, committed 11328K, reserved 425984K
}
Event: 73.050 GC heap before
{Heap before GC invocations=35 (full 0):
 garbage-first heap   total 155648K, used 123582K [0x0000000080000000, 0x0000000100000000)
  region size 1024K, 58 young (59392K), 8 survivors (8192K)
 Metaspace       used 78127K, committed 79168K, reserved 557056K
  class space    used 11045K, committed 11584K, reserved 425984K
}
Event: 73.069 GC heap after
{Heap after GC invocations=36 (full 0):
 garbage-first heap   total 155648K, used 78052K [0x0000000080000000, 0x0000000100000000)
  region size 1024K, 8 young (8192K), 8 survivors (8192K)
 Metaspace       used 78127K, committed 79168K, reserved 557056K
  class space    used 11045K, committed 11584K, reserved 425984K
}
Event: 74.661 GC heap before
{Heap before GC invocations=36 (full 0):
 garbage-first heap   total 155648K, used 122084K [0x0000000080000000, 0x0000000100000000)
  region size 1024K, 52 young (53248K), 8 survivors (8192K)
 Metaspace       used 78258K, committed 79296K, reserved 557056K
  class space    used 11045K, committed 11584K, reserved 425984K
}
Event: 74.677 GC heap after
{Heap after GC invocations=37 (full 0):
 garbage-first heap   total 155648K, used 80232K [0x0000000080000000, 0x0000000100000000)
  region size 1024K, 4 young (4096K), 4 survivors (4096K)
 Metaspace       used 78258K, committed 79296K, reserved 557056K
  class space    used 11045K, committed 11584K, reserved 425984K
}
Event: 76.007 GC heap before
{Heap before GC invocations=37 (full 0):
 garbage-first heap   total 155648K, used 123240K [0x0000000080000000, 0x0000000100000000)
  region size 1024K, 47 young (48128K), 4 survivors (4096K)
 Metaspace       used 78265K, committed 79296K, reserved 557056K
  class space    used 11045K, committed 11584K, reserved 425984K
}
Event: 76.016 GC heap after
{Heap after GC invocations=38 (full 0):
 garbage-first heap   total 155648K, used 81456K [0x0000000080000000, 0x0000000100000000)
  region size 1024K, 4 young (4096K), 4 survivors (4096K)
 Metaspace       used 78265K, committed 79296K, reserved 557056K
  class space    used 11045K, committed 11584K, reserved 425984K
}

